-------------------------------------------------------------------------------
Test set: com.appium.demo.CalculatorTest
-------------------------------------------------------------------------------
Tests run: 1, Failures: 1, Errors: 0, Skipped: 0, Time elapsed: 7.652 s <<< FAILURE! -- in com.appium.demo.CalculatorTest
com.appium.demo.CalculatorTest.verifyAddition -- Time elapsed: 0.030 s <<< FAILURE!
org.openqa.selenium.NoSuchElementException: 
An element could not be located on the page using the given search parameters.
For documentation on this error, please visit: https://www.selenium.dev/documentation/webdriver/troubleshooting/errors#nosuchelementexception
Build info: version: '4.44.0', revision: 'da2039b'
System info: os.name: 'Mac OS X', os.arch: 'aarch64', os.version: '15.4.1', java.version: '26.0.1'
Driver info: io.appium.java_client.android.AndroidDriver
Command: [cb5bbb86-d6e2-4ea0-8745-ae730600af39, findElement {value=com.google.android.calculator:id/digit_2, using=id}]
Capabilities {appium:appActivity: com.android.calculator2.Cal..., appium:appPackage: com.google.android.calculator, appium:automationName: UiAutomator2, appium:databaseEnabled: false, appium:desired: {appActivity: com.android.calculator2.Cal..., appPackage: com.google.android.calculator, automationName: UiAutomator2, deviceName: Android, newCommandTimeout: 300, noReset: true, platformName: ANDROID, udid: emulator-5554}, appium:deviceApiLevel: 37, appium:deviceManufacturer: Google, appium:deviceModel: sdk_gphone16k_arm64, appium:deviceName: emulator-5554, appium:deviceScreenDensity: 480, appium:deviceScreenSize: 1280x2856, appium:deviceUDID: emulator-5554, appium:javascriptEnabled: true, appium:locationContextEnabled: false, appium:networkConnectionEnabled: true, appium:newCommandTimeout: 300, appium:noReset: true, appium:pixelRatio: 3, appium:platformVersion: 17, appium:statBarHeight: 156, appium:takesScreenshot: true, appium:udid: emulator-5554, appium:viewportRect: {height: 2700, left: 0, top: 156, width: 1280}, appium:warnings: {}, appium:webStorageEnabled: false, platformName: ANDROID}
Session ID: cb5bbb86-d6e2-4ea0-8745-ae730600af39
	at org.openqa.selenium.remote.ErrorCodec.decode(ErrorCodec.java:169)
	at org.openqa.selenium.remote.codec.w3c.W3CHttpResponseCodec.decode(W3CHttpResponseCodec.java:143)
	at org.openqa.selenium.remote.codec.w3c.W3CHttpResponseCodec.decode(W3CHttpResponseCodec.java:50)
	at org.openqa.selenium.remote.HttpCommandExecutor.execute(HttpCommandExecutor.java:224)
	at io.appium.java_client.remote.AppiumCommandExecutor.execute(AppiumCommandExecutor.java:243)
	at org.openqa.selenium.remote.RemoteWebDriver.execute(RemoteWebDriver.java:600)
	at org.openqa.selenium.remote.ElementLocation$ElementFinder$2.findElement(ElementLocation.java:173)
	at org.openqa.selenium.remote.ElementLocation.findElement(ElementLocation.java:67)
	at org.openqa.selenium.remote.RemoteWebDriver.findElement(RemoteWebDriver.java:421)
	at org.openqa.selenium.remote.RemoteWebDriver.findElement(RemoteWebDriver.java:415)
	at com.appium.demo.CalculatorTest.verifyAddition(CalculatorTest.java:41)
	at java.base/jdk.internal.reflect.DirectMethodHandleAccessor.invoke(DirectMethodHandleAccessor.java:104)
	at java.base/java.lang.reflect.Method.invoke(Method.java:565)
	at org.testng.internal.invokers.MethodInvocationHelper.invokeMethod(MethodInvocationHelper.java:141)
	at org.testng.internal.invokers.TestInvoker.invokeMethod(TestInvoker.java:686)
	at org.testng.internal.invokers.TestInvoker.invokeTestMethod(TestInvoker.java:230)
	at org.testng.internal.invokers.MethodRunner.runInSequence(MethodRunner.java:63)
	at org.testng.internal.invokers.TestInvoker$MethodInvocationAgent.invoke(TestInvoker.java:992)
	at org.testng.internal.invokers.TestInvoker.invokeTestMethods(TestInvoker.java:203)
	at org.testng.internal.invokers.TestMethodWorker.invokeTestMethods(TestMethodWorker.java:154)
	at org.testng.internal.invokers.TestMethodWorker.run(TestMethodWorker.java:134)
	at java.base/java.util.ArrayList.forEach(ArrayList.java:1612)
	at org.testng.TestRunner.privateRun(TestRunner.java:739)
	at org.testng.TestRunner.run(TestRunner.java:614)
	at org.testng.SuiteRunner.runTest(SuiteRunner.java:421)
	at org.testng.SuiteRunner.runSequentially(SuiteRunner.java:413)
	at org.testng.SuiteRunner.privateRun(SuiteRunner.java:373)
	at org.testng.SuiteRunner.run(SuiteRunner.java:312)
	at org.testng.SuiteRunnerWorker.runSuite(SuiteRunnerWorker.java:52)
	at org.testng.SuiteRunnerWorker.run(SuiteRunnerWorker.java:95)
	at org.testng.TestNG.runSuitesSequentially(TestNG.java:1274)
	at org.testng.TestNG.runSuitesLocally(TestNG.java:1208)
	at org.testng.TestNG.runSuites(TestNG.java:1112)
	at org.testng.TestNG.run(TestNG.java:1079)
	at org.apache.maven.surefire.testng.TestNGExecutor.run(TestNGExecutor.java:155)
	at org.apache.maven.surefire.testng.TestNGDirectoryTestSuite.executeSingleClass(TestNGDirectoryTestSuite.java:102)
	at org.apache.maven.surefire.testng.TestNGDirectoryTestSuite.execute(TestNGDirectoryTestSuite.java:91)
	at org.apache.maven.surefire.testng.TestNGProvider.invoke(TestNGProvider.java:137)
	at org.apache.maven.surefire.booter.ForkedBooter.runSuitesInProcess(ForkedBooter.java:385)
	at org.apache.maven.surefire.booter.ForkedBooter.execute(ForkedBooter.java:162)
	at org.apache.maven.surefire.booter.ForkedBooter.run(ForkedBooter.java:507)
	at org.apache.maven.surefire.booter.ForkedBooter.main(ForkedBooter.java:495)

