<?xml version="1.0" encoding="UTF-8"?>
<testng-results ignored="0" total="1" passed="1" failed="0" skipped="0">
  <reporter-output>
  </reporter-output>
  <suite started-at="2026-06-17T11:10:58 IST" name="Surefire suite" finished-at="2026-06-17T11:11:06 IST" duration-ms="7996">
    <groups>
    </groups>
    <test started-at="2026-06-17T11:10:58 IST" name="Surefire test" finished-at="2026-06-17T11:11:06 IST" duration-ms="7996">
      <class name="com.appium.demo.ScrollTest">
        <test-method is-config="true" signature="setup()[pri:0, instance:com.appium.demo.ScrollTest@1e67a849]" started-at="2026-06-17T11:10:58 IST" name="setup" finished-at="2026-06-17T11:11:03 IST" duration-ms="5873" status="PASS">
          <reporter-output>
          </reporter-output>
        </test-method> <!-- setup -->
        <test-method signature="verifyScroll()[pri:0, instance:com.appium.demo.ScrollTest@1e67a849]" started-at="2026-06-17T11:11:03 IST" name="verifyScroll" finished-at="2026-06-17T11:11:05 IST" duration-ms="1811" status="PASS">
          <reporter-output>
          </reporter-output>
        </test-method> <!-- verifyScroll -->
        <test-method is-config="true" signature="tearDown()[pri:0, instance:com.appium.demo.ScrollTest@1e67a849]" started-at="2026-06-17T11:11:05 IST" name="tearDown" finished-at="2026-06-17T11:11:06 IST" duration-ms="300" status="PASS">
          <reporter-output>
          </reporter-output>
        </test-method> <!-- tearDown -->
      </class> <!-- com.appium.demo.ScrollTest -->
    </test> <!-- Surefire test -->
  </suite> <!-- Surefire suite -->
</testng-results>
