<?xml version="1.0" encoding="UTF-8"?>
<testng-results ignored="0" total="1" passed="1" failed="0" skipped="0">
  <reporter-output>
  </reporter-output>
  <suite started-at="2026-06-16T11:43:15 IST" name="Surefire suite" finished-at="2026-06-16T11:43:30 IST" duration-ms="14968">
    <groups>
    </groups>
    <test started-at="2026-06-16T11:43:15 IST" name="Surefire test" finished-at="2026-06-16T11:43:30 IST" duration-ms="14968">
      <class name="com.appium.demo.ScrollTest">
        <test-method is-config="true" signature="setup()[pri:0, instance:com.appium.demo.ScrollTest@1e67a849]" started-at="2026-06-16T11:43:15 IST" name="setup" finished-at="2026-06-16T11:43:17 IST" duration-ms="2617" status="PASS">
          <reporter-output>
          </reporter-output>
        </test-method> <!-- setup -->
        <test-method signature="verifyScroll()[pri:0, instance:com.appium.demo.ScrollTest@1e67a849]" started-at="2026-06-16T11:43:17 IST" name="verifyScroll" finished-at="2026-06-16T11:43:29 IST" duration-ms="12119" status="PASS">
          <reporter-output>
          </reporter-output>
        </test-method> <!-- verifyScroll -->
        <test-method is-config="true" signature="tearDown()[pri:0, instance:com.appium.demo.ScrollTest@1e67a849]" started-at="2026-06-16T11:43:29 IST" name="tearDown" finished-at="2026-06-16T11:43:30 IST" duration-ms="219" status="PASS">
          <reporter-output>
          </reporter-output>
        </test-method> <!-- tearDown -->
      </class> <!-- com.appium.demo.ScrollTest -->
    </test> <!-- Surefire test -->
  </suite> <!-- Surefire suite -->
</testng-results>
