<?xml version="1.0" encoding="UTF-8"?>
<!-- Generated by org.testng.reporters.JUnitReportReporter -->
<testsuite hostname="PWHNJJ47NN26.local" failures="0" tests="2" name="com.appium.demo.InstallAndLaunchTest" time="25.756" errors="1" timestamp="2026-06-15T17:09:41 IST" skipped="1">
  <testcase classname="com.appium.demo.InstallAndLaunchTest" name="verifyAppInstalledAndLaunched" time="0.000">
    <skipped/>
  </testcase> <!-- verifyAppInstalledAndLaunched -->
  <testcase classname="com.appium.demo.InstallAndLaunchTest" name="setup" time="25.756">
    <error message="Could not start a new session. Response code 500. Message: Cannot start the &#039;com.saucelabs.mydemoapp.android&#039; application. Consider checking the driver&#039;s troubleshooting documentation. Original error: &#039;com.saucelabs.mydemoapp.android.view.activities.SplashActivity&#039; never started. Consider checking the driver&#039;s troubleshooting documentation. 
Host info: host: &#039;PWHNJJ47NN26.local&#039;, ip: &#039;fe80:0:0:0:188f:56d0:2397:decd%en0&#039;
Build info: version: &#039;4.44.0&#039;, revision: &#039;da2039b&#039;
System info: os.name: &#039;Mac OS X&#039;, os.arch: &#039;aarch64&#039;, os.version: &#039;15.4.1&#039;, java.version: &#039;26.0.1&#039;
Driver info: io.appium.java_client.android.AndroidDriver
Command: [null, newSession {capabilities=[Capabilities {appium:app: /Users/sarthakbansal/appium..., appium:autoGrantPermissions: true, appium:automationName: UiAutomator2, appium:deviceName: Android, appium:newCommandTimeout: 300, appium:udid: emulator-5554, platformName: ANDROID}]}]
Capabilities {appium:app: /Users/sarthakbansal/appium..., appium:autoGrantPermissions: true, appium:automationName: UiAutomator2, appium:deviceName: Android, appium:newCommandTimeout: 300, appium:udid: emulator-5554, platformName: ANDROID}" type="org.openqa.selenium.SessionNotCreatedException">
      <![CDATA[org.openqa.selenium.SessionNotCreatedException: Could not start a new session. Response code 500. Message: Cannot start the 'com.saucelabs.mydemoapp.android' application. Consider checking the driver's troubleshooting documentation. Original error: 'com.saucelabs.mydemoapp.android.view.activities.SplashActivity' never started. Consider checking the driver's troubleshooting documentation. 
Host info: host: 'PWHNJJ47NN26.local', ip: 'fe80:0:0:0:188f:56d0:2397:decd%en0'
Build info: version: '4.44.0', revision: 'da2039b'
System info: os.name: 'Mac OS X', os.arch: 'aarch64', os.version: '15.4.1', java.version: '26.0.1'
Driver info: io.appium.java_client.android.AndroidDriver
Command: [null, newSession {capabilities=[Capabilities {appium:app: /Users/sarthakbansal/appium..., appium:autoGrantPermissions: true, appium:automationName: UiAutomator2, appium:deviceName: Android, appium:newCommandTimeout: 300, appium:udid: emulator-5554, platformName: ANDROID}]}]
Capabilities {appium:app: /Users/sarthakbansal/appium..., appium:autoGrantPermissions: true, appium:automationName: UiAutomator2, appium:deviceName: Android, appium:newCommandTimeout: 300, appium:udid: emulator-5554, platformName: ANDROID}
at org.openqa.selenium.remote.ProtocolHandshake.createSession(ProtocolHandshake.java:115)
at org.openqa.selenium.remote.ProtocolHandshake.createSession(ProtocolHandshake.java:76)
at org.openqa.selenium.remote.ProtocolHandshake.createSession(ProtocolHandshake.java:62)
at io.appium.java_client.remote.AppiumCommandExecutor.createSession(AppiumCommandExecutor.java:178)
at io.appium.java_client.remote.AppiumCommandExecutor.execute(AppiumCommandExecutor.java:243)
at org.openqa.selenium.remote.RemoteWebDriver.execute(RemoteWebDriver.java:600)
at io.appium.java_client.AppiumDriver.startSession(AppiumDriver.java:308)
at org.openqa.selenium.remote.RemoteWebDriver.<init>(RemoteWebDriver.java:217)
at org.openqa.selenium.remote.RemoteWebDriver.<init>(RemoteWebDriver.java:202)
at io.appium.java_client.AppiumDriver.<init>(AppiumDriver.java:98)
at io.appium.java_client.AppiumDriver.<init>(AppiumDriver.java:109)
at io.appium.java_client.android.AndroidDriver.<init>(AndroidDriver.java:108)
at com.appium.demo.InstallAndLaunchTest.setup(InstallAndLaunchTest.java:42)
at java.base/jdk.internal.reflect.DirectMethodHandleAccessor.invoke(DirectMethodHandleAccessor.java:104)
at java.base/java.lang.reflect.Method.invoke(Method.java:565)
at org.testng.internal.invokers.MethodInvocationHelper.invokeMethod(MethodInvocationHelper.java:141)
at org.testng.internal.invokers.MethodInvocationHelper.invokeMethodConsideringTimeout(MethodInvocationHelper.java:71)
at org.testng.internal.invokers.ConfigInvoker.invokeConfigurationMethod(ConfigInvoker.java:400)
at org.testng.internal.invokers.ConfigInvoker.invokeConfigurations(ConfigInvoker.java:333)
at org.testng.internal.invokers.TestMethodWorker.invokeBeforeClassMethods(TestMethodWorker.java:188)
at org.testng.internal.invokers.TestMethodWorker.run(TestMethodWorker.java:128)
at java.base/java.util.ArrayList.forEach(ArrayList.java:1612)
at org.testng.TestRunner.privateRun(TestRunner.java:739)
at org.testng.TestRunner.run(TestRunner.java:614)
at org.testng.SuiteRunner.runTest(SuiteRunner.java:421)
at org.testng.SuiteRunner.runSequentially(SuiteRunner.java:413)
at org.testng.SuiteRunner.privateRun(SuiteRunner.java:373)
at org.testng.SuiteRunner.run(SuiteRunner.java:312)
at org.testng.SuiteRunnerWorker.runSuite(SuiteRunnerWorker.java:52)
at org.testng.SuiteRunnerWorker.run(SuiteRunnerWorker.java:95)
at org.testng.TestNG.runSuitesSequentially(TestNG.java:1274)
at org.testng.TestNG.runSuitesLocally(TestNG.java:1208)
at org.testng.TestNG.runSuites(TestNG.java:1112)
at org.testng.TestNG.run(TestNG.java:1079)
at org.apache.maven.surefire.testng.TestNGExecutor.run(TestNGExecutor.java:155)
at org.apache.maven.surefire.testng.TestNGDirectoryTestSuite.executeSingleClass(TestNGDirectoryTestSuite.java:102)
at org.apache.maven.surefire.testng.TestNGDirectoryTestSuite.execute(TestNGDirectoryTestSuite.java:91)
at org.apache.maven.surefire.testng.TestNGProvider.invoke(TestNGProvider.java:137)
at org.apache.maven.surefire.booter.ForkedBooter.runSuitesInProcess(ForkedBooter.java:385)
at org.apache.maven.surefire.booter.ForkedBooter.execute(ForkedBooter.java:162)
at org.apache.maven.surefire.booter.ForkedBooter.run(ForkedBooter.java:507)
at org.apache.maven.surefire.booter.ForkedBooter.main(ForkedBooter.java:495)
]]>
    </error>
  </testcase> <!-- setup -->
</testsuite> <!-- com.appium.demo.InstallAndLaunchTest -->
